<?xml version="1.0" encoding="UTF-8"?>
<testng-results skipped="0" failed="0" total="3" passed="3">
  <reporter-output>
  </reporter-output>
  <suite name="Default suite" duration-ms="42" started-at="2020-04-14T09:54:55Z" finished-at="2020-04-14T09:54:55Z">
    <groups>
    </groups>
    <test name="Default test" duration-ms="42" started-at="2020-04-14T09:54:55Z" finished-at="2020-04-14T09:54:55Z">
      <class name="TestNGPractice1">
        <test-method status="PASS" signature="testLogin()[pri:1, instance:TestNGPractice1@edf4efb]" name="testLogin" duration-ms="24" started-at="2020-04-14T15:24:55Z" finished-at="2020-04-14T15:24:55Z">
          <reporter-output>
          </reporter-output>
        </test-method> <!-- testLogin -->
        <test-method status="PASS" signature="testUserName()[pri:2, instance:TestNGPractice1@edf4efb]" name="testUserName" duration-ms="0" started-at="2020-04-14T15:24:55Z" finished-at="2020-04-14T15:24:55Z">
          <reporter-output>
          </reporter-output>
        </test-method> <!-- testUserName -->
        <test-method status="PASS" signature="testPassword()[pri:3, instance:TestNGPractice1@edf4efb]" name="testPassword" duration-ms="1" started-at="2020-04-14T15:24:55Z" finished-at="2020-04-14T15:24:55Z">
          <reporter-output>
          </reporter-output>
        </test-method> <!-- testPassword -->
      </class> <!-- TestNGPractice1 -->
    </test> <!-- Default test -->
  </suite> <!-- Default suite -->
</testng-results>
